#
# A fatal error has been detected by the Java Runtime Environment:
#
#  SIGSEGV (0xb) at pc=0x00007f3f27bd04d0, pid=347, tid=352
#
# JRE version: OpenJDK Runtime Environment (11.0.8+10) (build 11.0.8+10-post-Ubuntu-0ubuntu118.04.1)
# Java VM: OpenJDK 64-Bit Server VM (11.0.8+10-post-Ubuntu-0ubuntu118.04.1, mixed mode, sharing, tiered, compressed oops, serial gc, linux-amd64)
# Problematic frame:
# C  [libjimage.so+0x24d0]
#
# Core dump will be written. Default location: Core dumps may be processed with "/usr/share/apport/apport %p %s %c %d %P %E" (or dumping to /home/runner/a8q3-balez4464/core.347)
#
# If you would like to submit a bug report, please visit:
#   https://bugs.launchpad.net/ubuntu/+source/openjdk-lts
#

---------------  S U M M A R Y ------------

Command Line: Main

Host: Intel(R) Xeon(R) CPU @ 2.30GHz, 4 cores, 512M, Ubuntu 18.04.5 LTS
Time: Fri Oct 30 13:16:07 2020 UTC elapsed time: 107 seconds (0d 0h 1m 47s)

---------------  T H R E A D  ---------------

Current thread (0x00007f3f28059000):  JavaThread "Signal Dispatcher" daemon [_thread_in_vm, id=352, stack(0x00007f3f0eb1f000,0x00007f3f0ec20000)]

Stack: [0x00007f3f0eb1f000,0x00007f3f0ec20000],  sp=0x00007f3f0ec1d200,  free space=1016k
Native frames: (J=compiled Java code, A=aot compiled Java code, j=interpreted, Vv=VM code, C=native code)
C  [libjimage.so+0x24d0]
C  [libjimage.so+0x3131]
C  [libjimage.so+0x35c6]  JIMAGE_FindResource+0xd6
V  [libjvm.so+0x59097e]
V  [libjvm.so+0x5936e0]
V  [libjvm.so+0xd50b85]
V  [libjvm.so+0xd4e51a]
V  [libjvm.so+0xd51112]
V  [libjvm.so+0x645bed]
V  [libjvm.so+0x83f24c]
j  jdk.internal.misc.Signal.dispatch(I)V+25 java.base@11.0.8
v  ~StubRoutines::call_stub
V  [libjvm.so+0x84eb09]
V  [libjvm.so+0x84d8f5]
V  [libjvm.so+0xbc3d2c]
V  [libjvm.so+0xd8996f]
V  [libjvm.so+0xd860bf]
V  [libjvm.so+0xbd632e]

Java frames: (J=compiled Java code, j=interpreted, Vv=VM code)
j  jdk.internal.misc.Signal.dispatch(I)V+25 java.base@11.0.8
v  ~StubRoutines::call_stub

siginfo: si_signo: 11 (SIGSEGV), si_code: 1 (SEGV_MAPERR), si_addr: 0x00007f3f1f56fa49

Register to memory mapping:

RAX=0x000000000005dc4d is an unknown value
RBX=0x00007f3f28009600 points into unknown readable memory: 50 0f 00 cc 3e 7f 00 00
RCX=0x00007f3f1f4d001c is an unknown value
RDX=0x00007f3f1f4f0f0c is an unknown value
RSP=0x00007f3f0ec1d200 is pointing into the stack for thread: 0x00007f3f28059000
RBP=0x00007f3f0ec1d200 is pointing into the stack for thread: 0x00007f3f28059000
RSI=0x00007f3f1f56fa49 is an unknown value
RDI=0x00007f3f0ec1d210 is pointing into the stack for thread: 0x00007f3f28059000
R8 =0x0 is NULL
R9 =0x0000000076100fa4 is an unknown value
R10=0x00007f3f0ec1d2b3 is pointing into the stack for thread: 0x00007f3f28059000
R11=0x00007f3f0ec1d210 is pointing into the stack for thread: 0x00007f3f28059000
R12=0x000000000005dc4d is an unknown value
R13=0x00007f3f0ec1d290 is pointing into the stack for thread: 0x00007f3f28059000
R14=0x00007f3f0ec1e328 is pointing into the stack for thread: 0x00007f3f28059000
R15=0x00007f3f28059cb0 points into unknown readable memory: 6a 64 6b 2f 69 6e 74 65


Registers:
RAX=0x000000000005dc4d, RBX=0x00007f3f28009600, RCX=0x00007f3f1f4d001c, RDX=0x00007f3f1f4f0f0c
RSP=0x00007f3f0ec1d200, RBP=0x00007f3f0ec1d200, RSI=0x00007f3f1f56fa49, RDI=0x00007f3f0ec1d210
R8 =0x0000000000000000, R9 =0x0000000076100fa4, R10=0x00007f3f0ec1d2b3, R11=0x00007f3f0ec1d210
R12=0x000000000005dc4d, R13=0x00007f3f0ec1d290, R14=0x00007f3f0ec1e328, R15=0x00007f3f28059cb0
RIP=0x00007f3f27bd04d0, EFLAGS=0x0000000000010202, CSGSFS=0x002b000000000033, ERR=0x0000000000000004
  TRAPNO=0x000000000000000e

Top of Stack: (sp=0x00007f3f0ec1d200)
0x00007f3f0ec1d200:   00007f3f0ec1d270 00007f3f27bd1131
0x00007f3f0ec1d210:   0000000000000000 0000000000000000
0x00007f3f0ec1d220:   0000000000000000 0000000000000000
0x00007f3f0ec1d230:   0000000000000000 0000000000000000 

Instructions: (pc=0x00007f3f27bd04d0)
0x00007f3f27bd03d0:   49 83 c2 01 44 69 c8 93 01 00 01 41 0f b6 c0 45
0x00007f3f27bd03e0:   0f b6 42 ff 44 31 c8 45 84 c0 75 e4 25 ff ff ff
0x00007f3f27bd03f0:   7f 41 89 cd 48 89 d1 31 d2 41 f7 f5 49 89 f4 89
0x00007f3f27bd0400:   d0 8b 34 81 48 8b 07 ff 50 20 83 f8 00 7e 41 41
0x00007f3f27bd0410:   0f b6 14 24 84 d2 74 1c 0f 1f 84 00 00 00 00 00
0x00007f3f27bd0420:   69 c0 93 01 00 01 48 83 c3 01 31 d0 0f b6 53 ff
0x00007f3f27bd0430:   84 d2 75 ec 25 ff ff ff 7f 31 d2 41 f7 f5 48 83
0x00007f3f27bd0440:   c4 08 89 d0 5b 41 5c 41 5d 5d c3 0f 1f 44 00 00
0x00007f3f27bd0450:   74 1d f7 d0 48 83 c4 08 89 c2 5b 89 d0 41 5c 41
0x00007f3f27bd0460:   5d 5d c3 0f 1f 44 00 00 b8 93 01 00 01 eb 82 ba
0x00007f3f27bd0470:   ff ff ff ff eb c8 83 ca ff 89 d0 c3 0f 1f 40 00
0x00007f3f27bd0480:   0f b6 17 55 48 89 f8 48 89 e5 84 d2 75 15 eb 1a
0x00007f3f27bd0490:   38 ca 75 1c 48 83 c0 01 0f b6 10 48 83 c6 01 84
0x00007f3f27bd04a0:   d2 74 07 0f b6 0e 84 c9 75 e6 5d c3 0f 1f 40 00
0x00007f3f27bd04b0:   31 c0 5d c3 66 90 66 2e 0f 1f 84 00 00 00 00 00
0x00007f3f27bd04c0:   55 48 85 f6 48 89 e5 74 57 0f 1f 80 00 00 00 00
0x00007f3f27bd04d0:   0f b6 06 84 c0 74 49 0f b6 d0 83 e0 07 c1 fa 03
0x00007f3f27bd04e0:   44 8d 50 01 0f b6 c0 41 89 d1 48 8d 56 01 4c 8d
0x00007f3f27bd04f0:   44 06 02 31 c0 0f 1f 00 0f b6 0a 48 c1 e0 08 48
0x00007f3f27bd0500:   83 c2 01 48 09 c8 49 39 d0 75 ed 49 63 d1 48 89
0x00007f3f27bd0510:   04 d7 41 0f b6 c2 48 8d 74 06 01 48 85 f6 75 b0
0x00007f3f27bd0520:   5d c3 0f 1f 40 00 66 2e 0f 1f 84 00 00 00 00 00
0x00007f3f27bd0530:   66 0f ef c0 55 48 89 e5 0f 11 07 5d 0f 11 47 10
0x00007f3f27bd0540:   0f 11 47 20 0f 11 47 30 c3 90 66 0f 1f 44 00 00
0x00007f3f27bd0550:   48 8b 46 10 55 48 89 37 48 89 e5 48 89 47 08 5d
0x00007f3f27bd0560:   c3 90 0f 1f 40 00 66 2e 0f 1f 84 00 00 00 00 00
0x00007f3f27bd0570:   55 48 89 e5 5d c3 66 2e 0f 1f 84 00 00 00 00 00
0x00007f3f27bd0580:   55 48 b8 00 00 00 00 08 00 00 00 be 08 00 00 00
0x00007f3f27bd0590:   48 89 e5 53 48 89 fb 48 83 ec 08 48 89 07 bf 08
0x00007f3f27bd05a0:   00 00 00 e8 98 f0 ff ff 48 89 43 08 48 83 c4 08
0x00007f3f27bd05b0:   5b 5d c3 90 66 90 66 2e 0f 1f 84 00 00 00 00 00
0x00007f3f27bd05c0:   55 48 89 e5 41 54 53 8b 17 48 89 fb 49 89 f4 3b 


Stack slot to memory mapping:
stack at sp + 0 slots: 0x00007f3f0ec1d270 is pointing into the stack for thread: 0x00007f3f28059000
stack at sp + 1 slots: 0x00007f3f27bd1131: <offset 0x0000000000003131> in /usr/lib/jvm/java-11-openjdk-amd64/lib/libjimage.so at 0x00007f3f27bce000
stack at sp + 2 slots: 0x0 is NULL
stack at sp + 3 slots: 0x0 is NULL
stack at sp + 4 slots: 0x0 is NULL
stack at sp + 5 slots: 0x0 is NULL
stack at sp + 6 slots: 0x0 is NULL
stack at sp + 7 slots: 0x0 is NULL


---------------  P R O C E S S  ---------------

Threads class SMR info:
_java_thread_list=0x00007f3f281f65b0, length=13, elements={
0x00007f3f28051000, 0x00007f3f28053000, 0x00007f3f28059000, 0x00007f3f2805b800,
0x00007f3f2805d800, 0x00007f3f2805f800, 0x00007f3f280a2800, 0x00007f3f280ab800,
0x00007f3f281e7800, 0x00007f3f281ed800, 0x00007f3f281f3000, 0x00007f3f281f5000,
0x00007f3f28016000
}

Java Threads: ( => current thread )
  0x00007f3f28051000 JavaThread "Reference Handler" daemon [_thread_blocked, id=350, stack(0x00007f3f0eebc000,0x00007f3f0efbd000)]
  0x00007f3f28053000 JavaThread "Finalizer" daemon [_thread_blocked, id=351, stack(0x00007f3f0edbb000,0x00007f3f0eebc000)]
=>0x00007f3f28059000 JavaThread "Signal Dispatcher" daemon [_thread_in_vm, id=352, stack(0x00007f3f0eb1f000,0x00007f3f0ec20000)]
  0x00007f3f2805b800 JavaThread "C2 CompilerThread0" daemon [_thread_blocked, id=353, stack(0x00007f3f0ea1e000,0x00007f3f0eb1f000)]
  0x00007f3f2805d800 JavaThread "C1 CompilerThread0" daemon [_thread_blocked, id=354, stack(0x00007f3f0e91d000,0x00007f3f0ea1e000)]
  0x00007f3f2805f800 JavaThread "Sweeper thread" daemon [_thread_blocked, id=355, stack(0x00007f3f0e81c000,0x00007f3f0e91d000)]
  0x00007f3f280a2800 JavaThread "Service Thread" daemon [_thread_blocked, id=356, stack(0x00007f3f0e71b000,0x00007f3f0e81c000)]
  0x00007f3f280ab800 JavaThread "Common-Cleaner" daemon [_thread_blocked, id=358, stack(0x00007f3f0e518000,0x00007f3f0e619000)]
  0x00007f3f281e7800 JavaThread "Java2D Disposer" daemon [_thread_blocked, id=408, stack(0x00007f3ee4c3b000,0x00007f3ee4d3c000)]
  0x00007f3f281ed800 JavaThread "AWT-XAWT" daemon [_thread_in_native, id=409, stack(0x00007f3ee4b3a000,0x00007f3ee4c3b000)]
  0x00007f3f281f3000 JavaThread "AWT-Shutdown" [_thread_blocked, id=410, stack(0x00007f3ee4a39000,0x00007f3ee4b3a000)]
  0x00007f3f281f5000 JavaThread "AWT-EventQueue-0" [_thread_blocked, id=411, stack(0x00007f3ee4938000,0x00007f3ee4a39000)]
  0x00007f3f28016000 JavaThread "DestroyJavaVM" [_thread_blocked, id=348, stack(0x00007f3f2efd7000,0x00007f3f2f0d8000)]

Other Threads:
  0x00007f3f2804e000 VMThread "VM Thread" [stack: 0x00007f3f0efbf000,0x00007f3f0f0bf000] [id=349]
  0x00007f3f280a4800 WatcherThread [stack: 0x00007f3f0e61b000,0x00007f3f0e71b000] [id=357]

Threads with active compile tasks:

VM state:not at safepoint (normal execution)

VM Mutex/Monitor currently owned by a thread: None

Heap address: 0x00000000f8000000, size: 128 MB, Compressed Oops mode: 32-bit
Narrow klass base: 0x0000000800000000, Narrow klass shift: 3
Compressed class space size: 1073741824 Address: 0x0000000840000000

Heap:
 def new generation   total 2432K, used 299K [0x00000000f8000000, 0x00000000f82a0000, 0x00000000faaa0000)
  eden space 2176K,   3% used [0x00000000f8000000, 0x00000000f80141e8, 0x00000000f8220000)
  from space 256K,  85% used [0x00000000f8260000, 0x00000000f8296d30, 0x00000000f82a0000)
  to   space 256K,   0% used [0x00000000f8220000, 0x00000000f8220000, 0x00000000f8260000)
 tenured generation   total 5504K, used 2073K [0x00000000faaa0000, 0x00000000fb000000, 0x0000000100000000)
   the space 5504K,  37% used [0x00000000faaa0000, 0x00000000faca64a8, 0x00000000faca6600, 0x00000000fb000000)
 Metaspace       used 8117K, capacity 8598K, committed 8960K, reserved 1056768K
  class space    used 924K, capacity 1161K, committed 1280K, reserved 1048576K

Card table byte_map: [0x00007f3f2ef96000,0x00007f3f2efd7000] _byte_map_base: 0x00007f3f2e7d6000

Polling page: 0x00007f3f2f0f4000

Metaspace:

Usage:
  Non-class:      7.26 MB capacity,     7.02 MB ( 97%) used,   193.15 KB (  3%) free+waste,    50.44 KB ( <1%) overhead. 
      Class:      1.13 MB capacity,   924.41 KB ( 80%) used,   207.59 KB ( 18%) free+waste,    29.00 KB (  2%) overhead. 
       Both:      8.40 MB capacity,     7.93 MB ( 94%) used,   400.73 KB (  5%) free+waste,    79.44 KB ( <1%) overhead. 

Virtual space:
  Non-class space:        8.00 MB reserved,       7.50 MB ( 94%) committed 
      Class space:        1.00 GB reserved,       1.25 MB ( <1%) committed 
             Both:        1.01 GB reserved,       8.75 MB ( <1%) committed 

Chunk freelists:
   Non-Class:  7.00 KB
       Class:  23.00 KB
        Both:  30.00 KB

MaxMetaspaceSize: unlimited
CompressedClassSpaceSize: 1.00 GB

CodeHeap 'non-profiled nmethods': size=120036Kb used=256Kb max_used=256Kb free=119779Kb
 bounds [0x00007f3f1754d000, 0x00007f3f177bd000, 0x00007f3f1ea86000]
CodeHeap 'profiled nmethods': size=120032Kb used=1287Kb max_used=1287Kb free=118744Kb
 bounds [0x00007f3f10015000, 0x00007f3f10285000, 0x00007f3f1754d000]
CodeHeap 'non-nmethods': size=5692Kb used=1216Kb max_used=1227Kb free=4475Kb
 bounds [0x00007f3f0fa86000, 0x00007f3f0fcf6000, 0x00007f3f10015000]
 total_blobs=1401 nmethods=794 adapters=522
 compilation: enabled
              stopped_count=0, restarted_count=0
 full_count=0

Compilation events (20 events):
Event: 9.382 Thread 0x00007f3f2805b800  797       4       java.lang.Class::getName (18 bytes)
Event: 9.382 Thread 0x00007f3f2805b800 nmethod 797 0x00007f3f1758c610 code [0x00007f3f1758c7a0, 0x00007f3f1758c848]
Event: 9.383 Thread 0x00007f3f2805d800  798       3       java.lang.Enum::<init> (15 bytes)
Event: 9.383 Thread 0x00007f3f2805d800 nmethod 798 0x00007f3f10151b10 code [0x00007f3f10151cc0, 0x00007f3f10151e50]
Event: 9.384 Thread 0x00007f3f2805d800  799       3       java.lang.Long::compare (22 bytes)
Event: 9.385 Thread 0x00007f3f2805d800 nmethod 799 0x00007f3f10151f10 code [0x00007f3f101520c0, 0x00007f3f10152270]
Event: 9.385 Thread 0x00007f3f2805d800  800       3       java.lang.Long::compareTo (9 bytes)
Event: 9.385 Thread 0x00007f3f2805d800 nmethod 800 0x00007f3f10152310 code [0x00007f3f101524e0, 0x00007f3f10152890]
Event: 9.386 Thread 0x00007f3f2805d800  801       3       sun.awt.AppContext::getAppContext (51 bytes)
Event: 9.386 Thread 0x00007f3f2805d800 nmethod 801 0x00007f3f10152990 code [0x00007f3f10152ba0, 0x00007f3f101531b0]
Event: 9.389 Thread 0x00007f3f2805d800  802       1       java.lang.Boolean::booleanValue (5 bytes)
Event: 9.389 Thread 0x00007f3f2805d800 nmethod 802 0x00007f3f1758c910 code [0x00007f3f1758cac0, 0x00007f3f1758cb90]
Event: 9.390 Thread 0x00007f3f2805d800  803       3       java.lang.invoke.VarForm::getMemberName (21 bytes)
Event: 9.390 Thread 0x00007f3f2805d800 nmethod 803 0x00007f3f10153310 code [0x00007f3f101534e0, 0x00007f3f101536e0]
Event: 9.392 Thread 0x00007f3f2805d800  804       1       java.awt.AWTEvent::getID (5 bytes)
Event: 9.392 Thread 0x00007f3f2805d800 nmethod 804 0x00007f3f1758cc10 code [0x00007f3f1758cdc0, 0x00007f3f1758ce90]
Event: 64.973 Thread 0x00007f3f2805d800  806       3       sun.awt.X11.XAnyEvent::get_window (20 bytes)
Event: 64.974 Thread 0x00007f3f2805d800 nmethod 806 0x00007f3f10153810 code [0x00007f3f10153a00, 0x00007f3f10153e60]
Event: 75.325 Thread 0x00007f3f2805d800  807   !   3       sun.awt.X11.XToolkit::callTimeoutTasks (220 bytes)
Event: 75.328 Thread 0x00007f3f2805d800 nmethod 807 0x00007f3f10154010 code [0x00007f3f10154420, 0x00007f3f10156650]

GC Heap History (10 events):
Event: 0.760 GC heap before
{Heap before GC invocations=0 (full 0):
 def new generation   total 2432K, used 2176K [0x00000000f8000000, 0x00000000f82a0000, 0x00000000faaa0000)
  eden space 2176K, 100% used [0x00000000f8000000, 0x00000000f8220000, 0x00000000f8220000)
  from space 256K,   0% used [0x00000000f8220000, 0x00000000f8220000, 0x00000000f8260000)
  to   space 256K,   0% used [0x00000000f8260000, 0x00000000f8260000, 0x00000000f82a0000)
 tenured generation   total 5504K, used 0K [0x00000000faaa0000, 0x00000000fb000000, 0x0000000100000000)
   the space 5504K,   0% used [0x00000000faaa0000, 0x00000000faaa0000, 0x00000000faaa0200, 0x00000000fb000000)
 Metaspace       used 1163K, capacity 4641K, committed 4864K, reserved 1056768K
  class space    used 106K, capacity 442K, committed 512K, reserved 1048576K
}
Event: 0.764 GC heap after
{Heap after GC invocations=1 (full 0):
 def new generation   total 2432K, used 256K [0x00000000f8000000, 0x00000000f82a0000, 0x00000000faaa0000)
  eden space 2176K,   0% used [0x00000000f8000000, 0x00000000f8000000, 0x00000000f8220000)
  from space 256K, 100% used [0x00000000f8260000, 0x00000000f82a0000, 0x00000000f82a0000)
  to   space 256K,   0% used [0x00000000f8220000, 0x00000000f8220000, 0x00000000f8260000)
 tenured generation   total 5504K, used 615K [0x00000000faaa0000, 0x00000000fb000000, 0x0000000100000000)
   the space 5504K,  11% used [0x00000000faaa0000, 0x00000000fab39eb8, 0x00000000fab3a000, 0x00000000fb000000)
 Metaspace       used 1163K, capacity 4641K, committed 4864K, reserved 1056768K
  class space    used 106K, capacity 442K, committed 512K, reserved 1048576K
}
Event: 7.162 GC heap before
{Heap before GC invocations=1 (full 0):
 def new generation   total 2432K, used 2432K [0x00000000f8000000, 0x00000000f82a0000, 0x00000000faaa0000)
  eden space 2176K, 100% used [0x00000000f8000000, 0x00000000f8220000, 0x00000000f8220000)
  from space 256K, 100% used [0x00000000f8260000, 0x00000000f82a0000, 0x00000000f82a0000)
  to   space 256K,   0% used [0x00000000f8220000, 0x00000000f8220000, 0x00000000f8260000)
 tenured generation   total 5504K, used 615K [0x00000000faaa0000, 0x00000000fb000000, 0x0000000100000000)
   the space 5504K,  11% used [0x00000000faaa0000, 0x00000000fab39eb8, 0x00000000fab3a000, 0x00000000fb000000)
 Metaspace       used 4060K, capacity 4867K, committed 4992K, reserved 1056768K
  class space    used 409K, capacity 524K, committed 640K, reserved 1048576K
}
Event: 7.172 GC heap after
{Heap after GC invocations=2 (full 0):
 def new generation   total 2432K, used 255K [0x00000000f8000000, 0x00000000f82a0000, 0x00000000faaa0000)
  eden space 2176K,   0% used [0x00000000f8000000, 0x00000000f8000000, 0x00000000f8220000)
  from space 256K,  99% used [0x00000000f8220000, 0x00000000f825fff8, 0x00000000f8260000)
  to   space 256K,   0% used [0x00000000f8260000, 0x00000000f8260000, 0x00000000f82a0000)
 tenured generation   total 5504K, used 1109K [0x00000000faaa0000, 0x00000000fb000000, 0x0000000100000000)
   the space 5504K,  20% used [0x00000000faaa0000, 0x00000000fabb55b8, 0x00000000fabb5600, 0x00000000fb000000)
 Metaspace       used 4060K, capacity 4867K, committed 4992K, reserved 1056768K
  class space    used 409K, capacity 524K, committed 640K, reserved 1048576K
}
Event: 7.677 GC heap before
{Heap before GC invocations=2 (full 0):
 def new generation   total 2432K, used 2431K [0x00000000f8000000, 0x00000000f82a0000, 0x00000000faaa0000)
  eden space 2176K, 100% used [0x00000000f8000000, 0x00000000f8220000, 0x00000000f8220000)
  from space 256K,  99% used [0x00000000f8220000, 0x00000000f825fff8, 0x00000000f8260000)
  to   space 256K,   0% used [0x00000000f8260000, 0x00000000f8260000, 0x00000000f82a0000)
 tenured generation   total 5504K, used 1109K [0x00000000faaa0000, 0x00000000fb000000, 0x0000000100000000)
   the space 5504K,  20% used [0x00000000faaa0000, 0x00000000fabb55b8, 0x00000000fabb5600, 0x00000000fb000000)
 Metaspace       used 5638K, capacity 5943K, committed 6272K, reserved 1056768K
  class space    used 617K, capacity 785K, committed 896K, reserved 1048576K
}
Event: 7.682 GC heap after
{Heap after GC invocations=3 (full 0):
 def new generation   total 2432K, used 256K [0x00000000f8000000, 0x00000000f82a0000, 0x00000000faaa0000)
  eden space 2176K,   0% used [0x00000000f8000000, 0x00000000f8000000, 0x00000000f8220000)
  from space 256K, 100% used [0x00000000f8260000, 0x00000000f82a0000, 0x00000000f82a0000)
  to   space 256K,   0% used [0x00000000f8220000, 0x00000000f8220000, 0x00000000f8260000)
 tenured generation   total 5504K, used 1498K [0x00000000faaa0000, 0x00000000fb000000, 0x0000000100000000)
   the space 5504K,  27% used [0x00000000faaa0000, 0x00000000fac16a28, 0x00000000fac16c00, 0x00000000fb000000)
 Metaspace       used 5638K, capacity 5943K, committed 6272K, reserved 1056768K
  class space    used 617K, capacity 785K, committed 896K, reserved 1048576K
}
Event: 8.586 GC heap before
{Heap before GC invocations=3 (full 0):
 def new generation   total 2432K, used 2432K [0x00000000f8000000, 0x00000000f82a0000, 0x00000000faaa0000)
  eden space 2176K, 100% used [0x00000000f8000000, 0x00000000f8220000, 0x00000000f8220000)
  from space 256K, 100% used [0x00000000f8260000, 0x00000000f82a0000, 0x00000000f82a0000)
  to   space 256K,   0% used [0x00000000f8220000, 0x00000000f8220000, 0x00000000f8260000)
 tenured generation   total 5504K, used 1498K [0x00000000faaa0000, 0x00000000fb000000, 0x0000000100000000)
   the space 5504K,  27% used [0x00000000faaa0000, 0x00000000fac16a28, 0x00000000fac16c00, 0x00000000fb000000)
 Metaspace       used 7271K, capacity 7642K, committed 7936K, reserved 1056768K
  class space    used 809K, capacity 992K, committed 1024K, reserved 1048576K
}
Event: 8.591 GC heap after
{Heap after GC invocations=4 (full 0):
 def new generation   total 2432K, used 256K [0x00000000f8000000, 0x00000000f82a0000, 0x00000000faaa0000)
  eden space 2176K,   0% used [0x00000000f8000000, 0x00000000f8000000, 0x00000000f8220000)
  from space 256K, 100% used [0x00000000f8220000, 0x00000000f8260000, 0x00000000f8260000)
  to   space 256K,   0% used [0x00000000f8260000, 0x00000000f8260000, 0x00000000f82a0000)
 tenured generation   total 5504K, used 1824K [0x00000000faaa0000, 0x00000000fb000000, 0x0000000100000000)
   the space 5504K,  33% used [0x00000000faaa0000, 0x00000000fac68150, 0x00000000fac68200, 0x00000000fb000000)
 Metaspace       used 7271K, capacity 7642K, committed 7936K, reserved 1056768K
  class space    used 809K, capacity 992K, committed 1024K, reserved 1048576K
}
Event: 9.101 GC heap before
{Heap before GC invocations=4 (full 0):
 def new generation   total 2432K, used 2432K [0x00000000f8000000, 0x00000000f82a0000, 0x00000000faaa0000)
  eden space 2176K, 100% used [0x00000000f8000000, 0x00000000f8220000, 0x00000000f8220000)
  from space 256K, 100% used [0x00000000f8220000, 0x00000000f8260000, 0x00000000f8260000)
  to   space 256K,   0% used [0x00000000f8260000, 0x00000000f8260000, 0x00000000f82a0000)
 tenured generation   total 5504K, used 1824K [0x00000000faaa0000, 0x00000000fb000000, 0x0000000100000000)
   the space 5504K,  33% used [0x00000000faaa0000, 0x00000000fac68150, 0x00000000fac68200, 0x00000000fb000000)
 Metaspace       used 7820K, capacity 8310K, committed 8576K, reserved 1056768K
  class space    used 891K, capacity 1129K, committed 1152K, reserved 1048576K
}
Event: 9.104 GC heap after
{Heap after GC invocations=5 (full 0):
 def new generation   total 2432K, used 219K [0x00000000f8000000, 0x00000000f82a0000, 0x00000000faaa0000)
  eden space 2176K,   0% used [0x00000000f8000000, 0x00000000f8000000, 0x00000000f8220000)
  from space 256K,  85% used [0x00000000f8260000, 0x00000000f8296d30, 0x00000000f82a0000)
  to   space 256K,   0% used [0x00000000f8220000, 0x00000000f8220000, 0x00000000f8260000)
 tenured generation   total 5504K, used 2073K [0x00000000faaa0000, 0x00000000fb000000, 0x0000000100000000)
   the space 5504K,  37% used [0x00000000faaa0000, 0x00000000faca64a8, 0x00000000faca6600, 0x00000000fb000000)
 Metaspace       used 7820K, capacity 8310K, committed 8576K, reserved 1056768K
  class space    used 891K, capacity 1129K, committed 1152K, reserved 1048576K
}

Deoptimization events (4 events):
Event: 0.192 Thread 0x00007f3f28016000 Uncommon trap: trap_request=0xffffff4d fr.pc=0x00007f3f1754ffe0 relative=0x00000000000001c0
Event: 0.192 Thread 0x00007f3f28016000 Uncommon trap: reason=unstable_if action=reinterpret pc=0x00007f3f1754ffe0 method=java.lang.String.hashCode()I @ 14 c2
Event: 0.192 Thread 0x00007f3f28016000 DEOPT PACKING pc=0x00007f3f1754ffe0 sp=0x00007f3f2f0d51b0
Event: 0.192 Thread 0x00007f3f28016000 DEOPT UNPACKING pc=0x00007f3f0faac1a5 sp=0x00007f3f2f0d5168 mode 2

Classes redefined (0 events):
No events

Internal exceptions (20 events):
Event: 6.872 Thread 0x00007f3f28016000 Exception <a 'java/lang/NoSuchMethodError'{0x00000000f815acb8}: 'void java.lang.invoke.DirectMethodHandle$Holder.invokeSpecial(java.lang.Object, java.lang.Object)'> (0x00000000f815acb8) thrown at [./src/hotspot/share/interpreter/linkResolver.cpp, line 773]
Event: 7.285 Thread 0x00007f3f281f5000 Exception <a 'java/lang/NoSuchMethodError'{0x00000000f805bcb0}: 'java.lang.Object java.lang.invoke.DirectMethodHandle$Holder.invokeStatic(java.lang.Object, int, java.lang.Object, java.lang.Object, java.lang.Object, java.lang.Object)'> (0x00000000f805bcb0) thrown at [./src/hotspot/share/interpreter/linkResolver.cpp, line 773]
Event: 7.285 Thread 0x00007f3f281f5000 Exception <a 'java/lang/NoSuchMethodError'{0x00000000f8063498}: 'java.lang.Object java.lang.invoke.DirectMethodHandle$Holder.invokeStatic(java.lang.Object, int, java.lang.Object, java.lang.Object, java.lang.Object)'> (0x00000000f8063498) thrown at [./src/hotspot/share/interpreter/linkResolver.cpp, line 773]
Event: 7.286 Thread 0x00007f3f281f5000 Exception <a 'java/lang/NoSuchMethodError'{0x00000000f8067238}: 'java.lang.Object java.lang.invoke.DirectMethodHandle$Holder.invokeSpecial(java.lang.Object, java.lang.Object, int, java.lang.Object, java.lang.Object, java.lang.Object)'> (0x00000000f8067238) thrown at [./src/hotspot/share/interpreter/linkResolver.cpp, line 773]
Event: 7.294 Thread 0x00007f3f281f5000 Exception <a 'java/lang/NoSuchMethodError'{0x00000000f807fc88}: 'java.lang.Object java.lang.invoke.DirectMethodHandle$Holder.invokeStatic(java.lang.Object, int, java.lang.Object)'> (0x00000000f807fc88) thrown at [./src/hotspot/share/interpreter/linkResolver.cpp, line 773]
Event: 7.474 Thread 0x00007f3f281f5000 Exception <a 'java/lang/NoSuchMethodError'{0x00000000f817f070}: 'java.lang.Object java.lang.invoke.Invokers$Holder.linkToTargetMethod(java.lang.Object, int, java.lang.Object)'> (0x00000000f817f070) thrown at [./src/hotspot/share/interpreter/linkResolver.cpp, line 773]
Event: 7.486 Thread 0x00007f3f281f5000 Exception <a 'java/lang/ClassNotFoundException'{0x00000000f81878a8}: com/sun/swing/internal/plaf/metal/resources/spi/metalProvider> (0x00000000f81878a8) thrown at [./src/hotspot/share/classfile/systemDictionary.cpp, line 231]
Event: 7.490 Thread 0x00007f3f281f5000 Exception <a 'java/lang/ClassNotFoundException'{0x00000000f818c060}: com/sun/swing/internal/plaf/basic/resources/spi/basicProvider> (0x00000000f818c060) thrown at [./src/hotspot/share/classfile/systemDictionary.cpp, line 231]
Event: 7.605 Thread 0x00007f3f281f5000 Exception <a 'java/lang/NoSuchMethodError'{0x00000000f8204d28}: 'void java.lang.invoke.DirectMethodHandle$Holder.invokeStaticInit(java.lang.Object)'> (0x00000000f8204d28) thrown at [./src/hotspot/share/interpreter/linkResolver.cpp, line 773]
Event: 7.691 Thread 0x00007f3f281f5000 Exception <a 'java/lang/NoSuchMethodError'{0x00000000f8023870}: 'java.lang.Object java.lang.invoke.DirectMethodHandle$Holder.invokeStatic(java.lang.Object, java.lang.Object, java.lang.Object, java.lang.Object, java.lang.Object, java.lang.Object, java.lang.Object, java.lang.Object, java.lang.Object, java.lang.Object, java.lang.Object, java.lang.Object, java.lang.Object, int)'> (0x00000000f8023870) thrown at [./src/hotspot/share/interpreter/linkResolver.cpp, line 773]
Event: 7.693 Thread 0x00007f3f281f5000 Exception <a 'java/lang/NoSuchMethodError'{0x00000000f8030720}: 'java.lang.Object java.lang.invoke.DirectMethodHandle$Holder.invokeStatic(java.lang.Object, java.lang.Object, java.lang.Object, java.lang.Object, java.lang.Object, java.lang.Object, java.lang.Object, java.lang.Object, java.lang.Object, java.lang.Object, java.lang.Object, java.lang.Object, java.lang.Object, int, int)'> (0x00000000f8030720) thrown at [./src/hotspot/share/interpreter/linkResolver.cpp, line 773]
Event: 8.473 Thread 0x00007f3f281f5000 Exception <a 'java/lang/NoSuchMethodError'{0x00000000f814dd48}: 'java.lang.Object java.lang.invoke.DirectMethodHandle$Holder.invokeSpecial(java.lang.Object, java.lang.Object, int, int, java.lang.Object, java.lang.Object, java.lang.Object, java.lang.Object, java.lang.Object)'> (0x00000000f814dd48) thrown at [./src/hotspot/share/interpreter/linkResolver.cpp, line 773]
Event: 8.474 Thread 0x00007f3f281f5000 Exception <a 'java/lang/NoSuchMethodError'{0x00000000f8151c18}: 'java.lang.Object java.lang.invoke.DelegatingMethodHandle$Holder.reinvoke_L(java.lang.Object, int, int, java.lang.Object, java.lang.Object, java.lang.Object, java.lang.Object, java.lang.Object)'> (0x00000000f8151c18) thrown at [./src/hotspot/share/interpreter/linkResolver.cpp, line 773]
Event: 8.579 Thread 0x00007f3f281f5000 Exception <a 'java/lang/NoSuchMethodError'{0x00000000f81f5590}: 'java.lang.Object java.lang.invoke.Invokers$Holder.linkToTargetMethod(java.lang.Object, java.lang.Object, java.lang.Object, java.lang.Object, java.lang.Object, java.lang.Object)'> (0x00000000f81f5590) thrown at [./src/hotspot/share/interpreter/linkResolver.cpp, line 773]
Event: 8.600 Thread 0x00007f3f281f5000 Exception <a 'java/lang/NoSuchMethodError'{0x00000000f804a260}: 'java.lang.Object java.lang.invoke.DirectMethodHandle$Holder.invokeSpecial(java.lang.Object, java.lang.Object, int, int, java.lang.Object, java.lang.Object, java.lang.Object, java.lang.Object)'> (0x00000000f804a260) thrown at [./src/hotspot/share/interpreter/linkResolver.cpp, line 773]
Event: 8.600 Thread 0x00007f3f281f5000 Exception <a 'java/lang/NoSuchMethodError'{0x00000000f804dc40}: 'java.lang.Object java.lang.invoke.DelegatingMethodHandle$Holder.reinvoke_L(java.lang.Object, int, int, java.lang.Object, java.lang.Object, java.lang.Object, java.lang.Object)'> (0x00000000f804dc40) thrown at [./src/hotspot/share/interpreter/linkResolver.cpp, line 773]
Event: 9.009 Thread 0x00007f3f281f5000 Exception <a 'java/lang/NoSuchMethodError'{0x00000000f81a66f8}: 'java.lang.Object java.lang.invoke.DirectMethodHandle$Holder.invokeStatic(java.lang.Object, java.lang.Object, java.lang.Object, java.lang.Object, java.lang.Object, java.lang.Object, java.lang.Object, java.lang.Object, java.lang.Object, java.lang.Object, java.lang.Object, int)'> (0x00000000f81a66f8) thrown at [./src/hotspot/share/interpreter/linkResolver.cpp, line 773]
Event: 9.018 Thread 0x00007f3f281f5000 Exception <a 'java/lang/NoSuchMethodError'{0x00000000f81c5008}: 'java.lang.Object java.lang.invoke.DirectMethodHandle$Holder.invokeStatic(java.lang.Object, java.lang.Object, java.lang.Object, java.lang.Object, java.lang.Object, java.lang.Object, java.lang.Object, java.lang.Object, java.lang.Object, java.lang.Object, java.lang.Object, int, int)'> (0x00000000f81c5008) thrown at [./src/hotspot/share/interpreter/linkResolver.cpp, line 773]
Event: 9.023 Thread 0x00007f3f281f5000 Exception <a 'java/lang/NoSuchMethodError'{0x00000000f81e4470}: 'java.lang.Object java.lang.invoke.DirectMethodHandle$Holder.invokeStatic(java.lang.Object, java.lang.Object, java.lang.Object, java.lang.Object, java.lang.Object, java.lang.Object, java.lang.Object, java.lang.Object, java.lang.Object, java.lang.Object, java.lang.Object, int, int, java.lang.Object)'> (0x00000000f81e4470) thrown at [./src/hotspot/share/interpreter/linkResolver.cpp, line 773]
Event: 9.035 Thread 0x00007f3f281f5000 Exception <a 'java/lang/NoSuchMethodError'{0x00000000f82050f0}: 'java.lang.Object java.lang.invoke.DirectMethodHandle$Holder.invokeStatic(java.lang.Object, java.lang.Object, java.lang.Object, java.lang.Object, java.lang.Object, java.lang.Object, java.lang.Object, java.lang.Object, java.lang.Object, java.lang.Object, java.lang.Object, int, int, java.lang.Object, java.lang.Object)'> (0x00000000f82050f0) thrown at [./src/hotspot/share/interpreter/linkResolver.cpp, line 773]

Events (20 events):
Event: 9.384 loading class java/awt/DefaultKeyboardFocusManager$TypeAheadMarker
Event: 9.384 loading class java/awt/DefaultKeyboardFocusManager$TypeAheadMarker done
Event: 9.384 loading class java/awt/KeyboardFocusManager$LightweightFocusRequest
Event: 9.384 loading class java/awt/KeyboardFocusManager$LightweightFocusRequest done
Event: 9.389 loading class java/awt/KeyboardFocusManager$3
Event: 9.389 loading class java/awt/KeyboardFocusManager$3 done
Event: 9.389 loading class sun/awt/im/InputMethodWindow
Event: 9.389 loading class sun/awt/im/InputMethodWindow done
Event: 9.391 loading class sun/awt/im/CompositionAreaHandler
Event: 9.391 loading class sun/awt/im/CompositionAreaHandler done
Event: 9.391 loading class java/text/AttributedString
Event: 9.391 loading class java/text/AttributedString done
Event: 9.391 loading class java/text/AttributedString$AttributedStringIterator
Event: 9.391 loading class java/text/AttributedCharacterIterator
Event: 9.391 loading class java/text/CharacterIterator
Event: 9.391 loading class java/text/CharacterIterator done
Event: 9.391 loading class java/text/AttributedCharacterIterator done
Event: 9.391 loading class java/text/AttributedString$AttributedStringIterator done
Event: 29.106 Loaded shared library /usr/lib/jvm/java-11-openjdk-amd64/lib/libawt_xawt.so
Event: 107.027 loading class jdk/internal/misc/Signal$1


Dynamic libraries:
f8000000-f82a0000 rw-p 00000000 00:00 0 
f82a0000-faaa0000 ---p 00000000 00:00 0 
faaa0000-fb000000 rw-p 00000000 00:00 0 
fb000000-100000000 ---p 00000000 00:00 0 
800000000-800002000 rwxp 00001000 08:01 2329067                          /usr/lib/jvm/java-11-openjdk-amd64/lib/server/classes.jsa
800002000-8003b8000 rw-p 00003000 08:01 2329067                          /usr/lib/jvm/java-11-openjdk-amd64/lib/server/classes.jsa
8003b8000-800a93000 r--p 003b9000 08:01 2329067                          /usr/lib/jvm/java-11-openjdk-amd64/lib/server/classes.jsa
800a93000-800a94000 rw-p 00a94000 08:01 2329067                          /usr/lib/jvm/java-11-openjdk-amd64/lib/server/classes.jsa
800a94000-8010a0000 r--p 00a95000 08:01 2329067                          /usr/lib/jvm/java-11-openjdk-amd64/lib/server/classes.jsa
840000000-840140000 rw-p 00000000 00:00 0 
840140000-880000000 ---p 00000000 00:00 0 
55b8f02fc000-55b8f02fd000 r-xp 00000000 08:01 2328699                    /usr/lib/jvm/java-11-openjdk-amd64/bin/java
55b8f04fd000-55b8f04fe000 r--p 00001000 08:01 2328699                    /usr/lib/jvm/java-11-openjdk-amd64/bin/java
55b8f04fe000-55b8f04ff000 rw-p 00002000 08:01 2328699                    /usr/lib/jvm/java-11-openjdk-amd64/bin/java
55b8f0576000-55b8f0597000 rw-p 00000000 00:00 0                          [heap]
7f3ec4000000-7f3ec428f000 rw-p 00000000 00:00 0 
7f3ec428f000-7f3ec8000000 ---p 00000000 00:00 0 
7f3ecc000000-7f3ecc021000 rw-p 00000000 00:00 0 
7f3ecc021000-7f3ed0000000 ---p 00000000 00:00 0 
7f3ed0000000-7f3ed0021000 rw-p 00000000 00:00 0 
7f3ed0021000-7f3ed4000000 ---p 00000000 00:00 0 
7f3ed4000000-7f3ed4021000 rw-p 00000000 00:00 0 
7f3ed4021000-7f3ed8000000 ---p 00000000 00:00 0 
7f3ed8000000-7f3ed8021000 rw-p 00000000 00:00 0 
7f3ed8021000-7f3edc000000 ---p 00000000 00:00 0 
7f3edc000000-7f3edc021000 rw-p 00000000 00:00 0 
7f3edc021000-7f3ee0000000 ---p 00000000 00:00 0 
7f3ee0000000-7f3ee0021000 rw-p 00000000 00:00 0 
7f3ee0021000-7f3ee4000000 ---p 00000000 00:00 0 
7f3ee4938000-7f3ee493c000 ---p 00000000 00:00 0 
7f3ee493c000-7f3ee4a39000 rw-p 00000000 00:00 0 
7f3ee4a39000-7f3ee4a3d000 ---p 00000000 00:00 0 
7f3ee4a3d000-7f3ee4b3a000 rw-p 00000000 00:00 0 
7f3ee4b3a000-7f3ee4b3e000 ---p 00000000 00:00 0 
7f3ee4b3e000-7f3ee4c3b000 rw-p 00000000 00:00 0 
7f3ee4c3b000-7f3ee4c3f000 ---p 00000000 00:00 0 
7f3ee4c3f000-7f3ee4d3c000 rw-p 00000000 00:00 0 
7f3ee4d3c000-7f3ee4d41000 r-xp 00000000 08:01 1299444                    /usr/lib/x86_64-linux-gnu/libXfixes.so.3.1.0
7f3ee4d41000-7f3ee4f40000 ---p 00005000 08:01 1299444                    /usr/lib/x86_64-linux-gnu/libXfixes.so.3.1.0
7f3ee4f40000-7f3ee4f41000 r--p 00004000 08:01 1299444                    /usr/lib/x86_64-linux-gnu/libXfixes.so.3.1.0
7f3ee4f41000-7f3ee4f42000 rw-p 00005000 08:01 1299444                    /usr/lib/x86_64-linux-gnu/libXfixes.so.3.1.0
7f3ee4f42000-7f3ee4f4b000 r-xp 00000000 08:01 1299436                    /usr/lib/x86_64-linux-gnu/libXcursor.so.1.0.2
7f3ee4f4b000-7f3ee514a000 ---p 00009000 08:01 1299436                    /usr/lib/x86_64-linux-gnu/libXcursor.so.1.0.2
7f3ee514a000-7f3ee514b000 r--p 00008000 08:01 1299436                    /usr/lib/x86_64-linux-gnu/libXcursor.so.1.0.2
7f3ee514b000-7f3ee514c000 rw-p 00009000 08:01 1299436                    /usr/lib/x86_64-linux-gnu/libXcursor.so.1.0.2
7f3ee514c000-7f3ee514d000 ---p 00000000 00:00 0 
7f3ee514d000-7f3ee594d000 rw-p 00000000 00:00 0 
7f3ee594d000-7f3ee594e000 ---p 00000000 00:00 0 
7f3ee594e000-7f3ee614e000 rw-p 00000000 00:00 0 
7f3ee614e000-7f3ee615a000 r-xp 00000000 08:01 1299190                    /usr/lib/x86_64-linux-gnu/gio/modules/libdconfsettings.so
7f3ee615a000-7f3ee6359000 ---p 0000c000 08:01 1299190                    /usr/lib/x86_64-linux-gnu/gio/modules/libdconfsettings.so
7f3ee6359000-7f3ee635a000 r--p 0000b000 08:01 1299190                    /usr/lib/x86_64-linux-gnu/gio/modules/libdconfsettings.so
7f3ee635a000-7f3ee635b000 rw-p 0000c000 08:01 1299190                    /usr/lib/x86_64-linux-gnu/gio/modules/libdconfsettings.so
7f3ee635b000-7f3ee6361000 r-xp 00000000 08:01 779463                     /lib/x86_64-linux-gnu/libuuid.so.1.3.0
7f3ee6361000-7f3ee6560000 ---p 00006000 08:01 779463                     /lib/x86_64-linux-gnu/libuuid.so.1.3.0
7f3ee6560000-7f3ee6561000 r--p 00005000 08:01 779463                     /lib/x86_64-linux-gnu/libuuid.so.1.3.0
7f3ee6561000-7f3ee6562000 rw-p 00006000 08:01 779463                     /lib/x86_64-linux-gnu/libuuid.so.1.3.0
7f3ee6562000-7f3ee65a9000 r-xp 00000000 08:01 779371                     /lib/x86_64-linux-gnu/libblkid.so.1.1.0
7f3ee65a9000-7f3ee67a9000 ---p 00047000 08:01 779371                     /lib/x86_64-linux-gnu/libblkid.so.1.1.0
7f3ee67a9000-7f3ee67ad000 r--p 00047000 08:01 779371                     /lib/x86_64-linux-gnu/libblkid.so.1.1.0
7f3ee67ad000-7f3ee67ae000 rw-p 0004b000 08:01 779371                     /lib/x86_64-linux-gnu/libblkid.so.1.1.0
7f3ee67ae000-7f3ee67af000 rw-p 00000000 00:00 0 
7f3ee67af000-7f3ee681f000 r-xp 00000000 08:01 779434                     /lib/x86_64-linux-gnu/libpcre.so.3.13.3
7f3ee681f000-7f3ee6a1f000 ---p 00070000 08:01 779434                     /lib/x86_64-linux-gnu/libpcre.so.3.13.3
7f3ee6a1f000-7f3ee6a20000 r--p 00070000 08:01 779434                     /lib/x86_64-linux-gnu/libpcre.so.3.13.3
7f3ee6a20000-7f3ee6a21000 rw-p 00071000 08:01 779434                     /lib/x86_64-linux-gnu/libpcre.so.3.13.3
7f3ee6a21000-7f3ee6a28000 r-xp 00000000 08:01 780144                     /usr/lib/x86_64-linux-gnu/libffi.so.6.0.4
7f3ee6a28000-7f3ee6c27000 ---p 00007000 08:01 780144                     /usr/lib/x86_64-linux-gnu/libffi.so.6.0.4
7f3ee6c27000-7f3ee6c28000 r--p 00006000 08:01 780144                     /usr/lib/x86_64-linux-gnu/libffi.so.6.0.4
7f3ee6c28000-7f3ee6c29000 rw-p 00007000 08:01 780144                     /usr/lib/x86_64-linux-gnu/libffi.so.6.0.4
7f3ee6c29000-7f3ee6c7a000 r-xp 00000000 08:01 779405                     /lib/x86_64-linux-gnu/libmount.so.1.1.0
7f3ee6c7a000-7f3ee6e79000 ---p 00051000 08:01 779405                     /lib/x86_64-linux-gnu/libmount.so.1.1.0
7f3ee6e79000-7f3ee6e7b000 r--p 00050000 08:01 779405                     /lib/x86_64-linux-gnu/libmount.so.1.1.0
7f3ee6e7b000-7f3ee6e7c000 rw-p 00052000 08:01 779405                     /lib/x86_64-linux-gnu/libmount.so.1.1.0
7f3ee6e7c000-7f3ee6e7d000 rw-p 00000000 00:00 0 
7f3ee6e7d000-7f3ee6e94000 r-xp 00000000 08:01 779440                     /lib/x86_64-linux-gnu/libresolv-2.27.so
7f3ee6e94000-7f3ee7094000 ---p 00017000 08:01 779440                     /lib/x86_64-linux-gnu/libresolv-2.27.so
7f3ee7094000-7f3ee7095000 r--p 00017000 08:01 779440                     /lib/x86_64-linux-gnu/libresolv-2.27.so
7f3ee7095000-7f3ee7096000 rw-p 00018000 08:01 779440                     /lib/x86_64-linux-gnu/libresolv-2.27.so
7f3ee7096000-7f3ee7098000 rw-p 00000000 00:00 0 
7f3ee7098000-7f3ee70bd000 r-xp 00000000 08:01 779446                     /lib/x86_64-linux-gnu/libselinux.so.1
7f3ee70bd000-7f3ee72bc000 ---p 00025000 08:01 779446                     /lib/x86_64-linux-gnu/libselinux.so.1
7f3ee72bc000-7f3ee72bd000 r--p 00024000 08:01 779446                     /lib/x86_64-linux-gnu/libselinux.so.1
7f3ee72bd000-7f3ee72be000 rw-p 00025000 08:01 779446                     /lib/x86_64-linux-gnu/libselinux.so.1
7f3ee72be000-7f3ee72c0000 rw-p 00000000 00:00 0 
7f3ee72c0000-7f3ee73d4000 r-xp 00000000 08:01 1299820                    /usr/lib/x86_64-linux-gnu/libglib-2.0.so.0.5600.4
7f3ee73d4000-7f3ee75d4000 ---p 00114000 08:01 1299820                    /usr/lib/x86_64-linux-gnu/libglib-2.0.so.0.5600.4
7f3ee75d4000-7f3ee75d5000 r--p 00114000 08:01 1299820                    /usr/lib/x86_64-linux-gnu/libglib-2.0.so.0.5600.4
7f3ee75d5000-7f3ee75d6000 rw-p 00115000 08:01 1299820                    /usr/lib/x86_64-linux-gnu/libglib-2.0.so.0.5600.4
7f3ee75d6000-7f3ee75d7000 rw-p 00000000 00:00 0 
7f3ee75d7000-7f3ee75da000 r-xp 00000000 08:01 1299826                    /usr/lib/x86_64-linux-gnu/libgmodule-2.0.so.0.5600.4
7f3ee75da000-7f3ee77d9000 ---p 00003000 08:01 1299826                    /usr/lib/x86_64-linux-gnu/libgmodule-2.0.so.0.5600.4
7f3ee77d9000-7f3ee77da000 r--p 00002000 08:01 1299826                    /usr/lib/x86_64-linux-gnu/libgmodule-2.0.so.0.5600.4
7f3ee77da000-7f3ee77db000 rw-p 00003000 08:01 1299826                    /usr/lib/x86_64-linux-gnu/libgmodule-2.0.so.0.5600.4
7f3ee77db000-7f3ee782d000 r-xp 00000000 08:01 1299830                    /usr/lib/x86_64-linux-gnu/libgobject-2.0.so.0.5600.4
7f3ee782d000-7f3ee7a2d000 ---p 00052000 08:01 1299830                    /usr/lib/x86_64-linux-gnu/libgobject-2.0.so.0.5600.4
7f3ee7a2d000-7f3ee7a2e000 r--p 00052000 08:01 1299830                    /usr/lib/x86_64-linux-gnu/libgobject-2.0.so.0.5600.4
7f3ee7a2e000-7f3ee7a2f000 rw-p 00053000 08:01 1299830                    /usr/lib/x86_64-linux-gnu/libgobject-2.0.so.0.5600.4
7f3ee7a2f000-7f3ee7bc4000 r-xp 00000000 08:01 1299812                    /usr/lib/x86_64-linux-gnu/libgio-2.0.so.0.5600.4
7f3ee7bc4000-7f3ee7dc4000 ---p 00195000 08:01 1299812                    /usr/lib/x86_64-linux-gnu/libgio-2.0.so.0.5600.4
7f3ee7dc4000-7f3ee7dcb000 r--p 00195000 08:01 1299812                    /usr/lib/x86_64-linux-gnu/libgio-2.0.so.0.5600.4
7f3ee7dcb000-7f3ee7dcc000 rw-p 0019c000 08:01 1299812                    /usr/lib/x86_64-linux-gnu/libgio-2.0.so.0.5600.4
7f3ee7dcc000-7f3ee7dce000 rw-p 00000000 00:00 0 
7f3ee7dce000-7f3ee7dff000 r-xp 00000000 08:01 1300119                    /usr/lib/x86_64-linux-gnu/libpng16.so.16.34.0
7f3ee7dff000-7f3ee7ffe000 ---p 00031000 08:01 1300119                    /usr/lib/x86_64-linux-gnu/libpng16.so.16.34.0
7f3ee7ffe000-7f3ee7fff000 r--p 00030000 08:01 1300119                    /usr/lib/x86_64-linux-gnu/libpng16.so.16.34.0
7f3ee7fff000-7f3ee8000000 rw-p 00031000 08:01 1300119                    /usr/lib/x86_64-linux-gnu/libpng16.so.16.34.0
7f3ee8000000-7f3ee8021000 rw-p 00000000 00:00 0 
7f3ee8021000-7f3eec000000 ---p 00000000 00:00 0 
7f3eec000000-7f3eec021000 rw-p 00000000 00:00 0 
7f3eec021000-7f3ef0000000 ---p 00000000 00:00 0 
7f3ef0000000-7f3ef0275000 rw-p 00000000 00:00 0 
7f3ef0275000-7f3ef4000000 ---p 00000000 00:00 0 
7f3ef4000000-7f3ef4021000 rw-p 00000000 00:00 0 
7f3ef4021000-7f3ef8000000 ---p 00000000 00:00 0 
7f3ef8000000-7f3ef8021000 rw-p 00000000 00:00 0 
7f3ef8021000-7f3efc000000 ---p 00000000 00:00 0 
7f3efc000000-7f3efc5f6000 rw-p 00000000 00:00 0 
7f3efc5f6000-7f3f00000000 ---p 00000000 00:00 0 
7f3f00000000-7f3f00021000 rw-p 00000000 00:00 0 
7f3f00021000-7f3f04000000 ---p 00000000 00:00 0 
7f3f04000000-7f3f04021000 rw-p 00000000 00:00 0 
7f3f04021000-7f3f08000000 ---p 00000000 00:00 0 
7f3f08000000-7f3f08021000 rw-p 00000000 00:00 0 
7f3f08021000-7f3f0c000000 ---p 00000000 00:00 0 
7f3f0c014000-7f3f0c01e000 r-xp 00000000 08:01 1299460                    /usr/lib/x86_64-linux-gnu/libXrandr.so.2.2.0
7f3f0c01e000-7f3f0c21d000 ---p 0000a000 08:01 1299460                    /usr/lib/x86_64-linux-gnu/libXrandr.so.2.2.0
7f3f0c21d000-7f3f0c21e000 r--p 00009000 08:01 1299460                    /usr/lib/x86_64-linux-gnu/libXrandr.so.2.2.0
7f3f0c21e000-7f3f0c21f000 rw-p 0000a000 08:01 1299460                    /usr/lib/x86_64-linux-gnu/libXrandr.so.2.2.0
7f3f0c21f000-7f3f0c2cc000 r-xp 00000000 08:01 1299793                    /usr/lib/x86_64-linux-gnu/libfreetype.so.6.15.0
7f3f0c2cc000-7f3f0c4cb000 ---p 000ad000 08:01 1299793                    /usr/lib/x86_64-linux-gnu/libfreetype.so.6.15.0
7f3f0c4cb000-7f3f0c4d2000 r--p 000ac000 08:01 1299793                    /usr/lib/x86_64-linux-gnu/libfreetype.so.6.15.0
7f3f0c4d2000-7f3f0c4d3000 rw-p 000b3000 08:01 1299793                    /usr/lib/x86_64-linux-gnu/libfreetype.so.6.15.0
7f3f0c4d3000-7f3f0c607000 r-xp 00000000 08:01 2329028                    /usr/lib/jvm/java-11-openjdk-amd64/lib/libfontmanager.so
7f3f0c607000-7f3f0c807000 ---p 00134000 08:01 2329028                    /usr/lib/jvm/java-11-openjdk-amd64/lib/libfontmanager.so
7f3f0c807000-7f3f0c808000 r--p 00134000 08:01 2329028                    /usr/lib/jvm/java-11-openjdk-amd64/lib/libfontmanager.so
7f3f0c808000-7f3f0c809000 rw-p 00135000 08:01 2329028                    /usr/lib/jvm/java-11-openjdk-amd64/lib/libfontmanager.so
7f3f0c809000-7f3f0c80c000 rw-p 00000000 00:00 0 
7f3f0c80c000-7f3f0c81f000 r-xp 00000000 08:01 1033788                    /lib/x86_64-linux-gnu/libbsd.so.0.8.7
7f3f0c81f000-7f3f0ca1e000 ---p 00013000 08:01 1033788                    /lib/x86_64-linux-gnu/libbsd.so.0.8.7
7f3f0ca1e000-7f3f0ca1f000 r--p 00012000 08:01 1033788                    /lib/x86_64-linux-gnu/libbsd.so.0.8.7
7f3f0ca1f000-7f3f0ca20000 rw-p 00013000 08:01 1033788                    /lib/x86_64-linux-gnu/libbsd.so.0.8.7
7f3f0ca20000-7f3f0ca21000 rw-p 00000000 00:00 0 
7f3f0ca21000-7f3f0ca26000 r-xp 00000000 08:01 1299440                    /usr/lib/x86_64-linux-gnu/libXdmcp.so.6.0.0
7f3f0ca26000-7f3f0cc25000 ---p 00005000 08:01 1299440                    /usr/lib/x86_64-linux-gnu/libXdmcp.so.6.0.0
7f3f0cc25000-7f3f0cc26000 r--p 00004000 08:01 1299440                    /usr/lib/x86_64-linux-gnu/libXdmcp.so.6.0.0
7f3f0cc26000-7f3f0cc27000 rw-p 00005000 08:01 1299440                    /usr/lib/x86_64-linux-gnu/libXdmcp.so.6.0.0
7f3f0cc27000-7f3f0cc29000 r-xp 00000000 08:01 1299429                    /usr/lib/x86_64-linux-gnu/libXau.so.6.0.0
7f3f0cc29000-7f3f0ce29000 ---p 00002000 08:01 1299429                    /usr/lib/x86_64-linux-gnu/libXau.so.6.0.0
7f3f0ce29000-7f3f0ce2a000 r--p 00002000 08:01 1299429                    /usr/lib/x86_64-linux-gnu/libXau.so.6.0.0
7f3f0ce2a000-7f3f0ce2b000 rw-p 00003000 08:01 1299429                    /usr/lib/x86_64-linux-gnu/libXau.so.6.0.0
7f3f0ce2b000-7f3f0ce51000 r-xp 00000000 08:01 1300322                    /usr/lib/x86_64-linux-gnu/libxcb.so.1.1.0
7f3f0ce51000-7f3f0d051000 ---p 00026000 08:01 1300322                    /usr/lib/x86_64-linux-gnu/libxcb.so.1.1.0
7f3f0d051000-7f3f0d052000 r--p 00026000 08:01 1300322                    /usr/lib/x86_64-linux-gnu/libxcb.so.1.1.0
7f3f0d052000-7f3f0d053000 rw-p 00027000 08:01 1300322                    /usr/lib/x86_64-linux-gnu/libxcb.so.1.1.0
7f3f0d053000-7f3f0d062000 r-xp 00000000 08:01 1299450                    /usr/lib/x86_64-linux-gnu/libXi.so.6.1.0
7f3f0d062000-7f3f0d261000 ---p 0000f000 08:01 1299450                    /usr/lib/x86_64-linux-gnu/libXi.so.6.1.0
7f3f0d261000-7f3f0d262000 r--p 0000e000 08:01 1299450                    /usr/lib/x86_64-linux-gnu/libXi.so.6.1.0
7f3f0d262000-7f3f0d263000 rw-p 0000f000 08:01 1299450                    /usr/lib/x86_64-linux-gnu/libXi.so.6.1.0
7f3f0d263000-7f3f0d268000 r-xp 00000000 08:01 1299468                    /usr/lib/x86_64-linux-gnu/libXtst.so.6.1.0
7f3f0d268000-7f3f0d467000 ---p 00005000 08:01 1299468                    /usr/lib/x86_64-linux-gnu/libXtst.so.6.1.0
7f3f0d467000-7f3f0d468000 r--p 00004000 08:01 1299468                    /usr/lib/x86_64-linux-gnu/libXtst.so.6.1.0
7f3f0d468000-7f3f0d469000 rw-p 00005000 08:01 1299468                    /usr/lib/x86_64-linux-gnu/libXtst.so.6.1.0
7f3f0d469000-7f3f0d472000 r-xp 00000000 08:01 1299462                    /usr/lib/x86_64-linux-gnu/libXrender.so.1.3.0
7f3f0d472000-7f3f0d671000 ---p 00009000 08:01 1299462                    /usr/lib/x86_64-linux-gnu/libXrender.so.1.3.0
7f3f0d671000-7f3f0d672000 r--p 00008000 08:01 1299462                    /usr/lib/x86_64-linux-gnu/libXrender.so.1.3.0
7f3f0d672000-7f3f0d673000 rw-p 00009000 08:01 1299462                    /usr/lib/x86_64-linux-gnu/libXrender.so.1.3.0
7f3f0d673000-7f3f0d7a6000 r-xp 00000000 08:01 1299427                    /usr/lib/x86_64-linux-gnu/libX11.so.6.3.0
7f3f0d7a6000-7f3f0d9a6000 ---p 00133000 08:01 1299427                    /usr/lib/x86_64-linux-gnu/libX11.so.6.3.0
7f3f0d9a6000-7f3f0d9a7000 r--p 00133000 08:01 1299427                    /usr/lib/x86_64-linux-gnu/libX11.so.6.3.0
7f3f0d9a7000-7f3f0d9ab000 rw-p 00134000 08:01 1299427                    /usr/lib/x86_64-linux-gnu/libX11.so.6.3.0
7f3f0d9ab000-7f3f0d9bc000 r-xp 00000000 08:01 1299442                    /usr/lib/x86_64-linux-gnu/libXext.so.6.4.0
7f3f0d9bc000-7f3f0dbbb000 ---p 00011000 08:01 1299442                    /usr/lib/x86_64-linux-gnu/libXext.so.6.4.0
7f3f0dbbb000-7f3f0dbbc000 r--p 00010000 08:01 1299442                    /usr/lib/x86_64-linux-gnu/libXext.so.6.4.0
7f3f0dbbc000-7f3f0dbbd000 rw-p 00011000 08:01 1299442                    /usr/lib/x86_64-linux-gnu/libXext.so.6.4.0
7f3f0dbbd000-7f3f0dc1c000 r-xp 00000000 08:01 2329025                    /usr/lib/jvm/java-11-openjdk-amd64/lib/libawt_xawt.so
7f3f0dc1c000-7f3f0de1c000 ---p 0005f000 08:01 2329025                    /usr/lib/jvm/java-11-openjdk-amd64/lib/libawt_xawt.so
7f3f0de1c000-7f3f0de1d000 r--p 0005f000 08:01 2329025                    /usr/lib/jvm/java-11-openjdk-amd64/lib/libawt_xawt.so
7f3f0de1d000-7f3f0de1f000 rw-p 00060000 08:01 2329025                    /usr/lib/jvm/java-11-openjdk-amd64/lib/libawt_xawt.so
7f3f0de1f000-7f3f0de21000 rw-p 00000000 00:00 0 
7f3f0de21000-7f3f0debf000 r-xp 00000000 08:01 2329023                    /usr/lib/jvm/java-11-openjdk-amd64/lib/libawt.so
7f3f0debf000-7f3f0e0bf000 ---p 0009e000 08:01 2329023                    /usr/lib/jvm/java-11-openjdk-amd64/lib/libawt.so
7f3f0e0bf000-7f3f0e0c0000 r--p 0009e000 08:01 2329023                    /usr/lib/jvm/java-11-openjdk-amd64/lib/libawt.so
7f3f0e0c0000-7f3f0e0cb000 rw-p 0009f000 08:01 2329023                    /usr/lib/jvm/java-11-openjdk-amd64/lib/libawt.so
7f3f0e0cb000-7f3f0e0f0000 rw-p 00000000 00:00 0 
7f3f0e0f0000-7f3f0e106000 r-xp 00000000 08:01 2329046                    /usr/lib/jvm/java-11-openjdk-amd64/lib/libnet.so
7f3f0e106000-7f3f0e305000 ---p 00016000 08:01 2329046                    /usr/lib/jvm/java-11-openjdk-amd64/lib/libnet.so
7f3f0e305000-7f3f0e306000 r--p 00015000 08:01 2329046                    /usr/lib/jvm/java-11-openjdk-amd64/lib/libnet.so
7f3f0e306000-7f3f0e307000 rw-p 00016000 08:01 2329046                    /usr/lib/jvm/java-11-openjdk-amd64/lib/libnet.so
7f3f0e307000-7f3f0e317000 r-xp 00000000 08:01 2329047                    /usr/lib/jvm/java-11-openjdk-amd64/lib/libnio.so
7f3f0e317000-7f3f0e516000 ---p 00010000 08:01 2329047                    /usr/lib/jvm/java-11-openjdk-amd64/lib/libnio.so
7f3f0e516000-7f3f0e517000 r--p 0000f000 08:01 2329047                    /usr/lib/jvm/java-11-openjdk-amd64/lib/libnio.so
7f3f0e517000-7f3f0e518000 rw-p 00010000 08:01 2329047                    /usr/lib/jvm/java-11-openjdk-amd64/lib/libnio.so
7f3f0e518000-7f3f0e51c000 ---p 00000000 00:00 0 
7f3f0e51c000-7f3f0e619000 rw-p 00000000 00:00 0 
7f3f0e619000-7f3f0e61a000 ---p 00000000 00:00 0 
7f3f0e61a000-7f3f0e71b000 rw-p 00000000 00:00 0 
7f3f0e71b000-7f3f0e71f000 ---p 00000000 00:00 0 
7f3f0e71f000-7f3f0e81c000 rw-p 00000000 00:00 0 
7f3f0e81c000-7f3f0e820000 ---p 00000000 00:00 0 
7f3f0e820000-7f3f0e91d000 rw-p 00000000 00:00 0 
7f3f0e91d000-7f3f0e921000 ---p 00000000 00:00 0 
7f3f0e921000-7f3f0ea1e000 rw-p 00000000 00:00 0 
7f3f0ea1e000-7f3f0ea22000 ---p 00000000 00:00 0 
7f3f0ea22000-7f3f0eb1f000 rw-p 00000000 00:00 0 
7f3f0eb1f000-7f3f0eb23000 ---p 00000000 00:00 0 
7f3f0eb23000-7f3f0ec20000 rw-p 00000000 00:00 0 
7f3f0ec20000-7f3f0edbb000 r--p 00000000 08:01 1295472                    /usr/lib/locale/locale-archive
7f3f0edbb000-7f3f0edbf000 ---p 00000000 00:00 0 
7f3f0edbf000-7f3f0eebc000 rw-p 00000000 00:00 0 
7f3f0eebc000-7f3f0eec0000 ---p 00000000 00:00 0 
7f3f0eec0000-7f3f0efbd000 rw-p 00000000 00:00 0 
7f3f0efbd000-7f3f0efbe000 ---p 00000000 00:00 0 
7f3f0efbe000-7f3f0f91b000 rw-p 00000000 00:00 0 
7f3f0f91b000-7f3f0f99b000 ---p 00000000 00:00 0 
7f3f0f99b000-7f3f0f9a0000 rw-p 00000000 00:00 0 
7f3f0f9a0000-7f3f0fa86000 ---p 00000000 00:00 0 
7f3f0fa86000-7f3f0fcf6000 rwxp 00000000 00:00 0 
7f3f0fcf6000-7f3f10015000 ---p 00000000 00:00 0 
7f3f10015000-7f3f10285000 rwxp 00000000 00:00 0 
7f3f10285000-7f3f1754d000 ---p 00000000 00:00 0 
7f3f1754d000-7f3f177bd000 rwxp 00000000 00:00 0 
7f3f177bd000-7f3f1ea86000 ---p 00000000 00:00 0 
7f3f1ea86000-7f3f1ea8d000 r-xp 00000000 08:01 2329056                    /usr/lib/jvm/java-11-openjdk-amd64/lib/libzip.so
7f3f1ea8d000-7f3f1ec8c000 ---p 00007000 08:01 2329056                    /usr/lib/jvm/java-11-openjdk-amd64/lib/libzip.so
7f3f1ec8c000-7f3f1ec8d000 r--p 00006000 08:01 2329056                    /usr/lib/jvm/java-11-openjdk-amd64/lib/libzip.so
7f3f1ec8d000-7f3f1ec8e000 rw-p 00007000 08:01 2329056                    /usr/lib/jvm/java-11-openjdk-amd64/lib/libzip.so
7f3f1ec8e000-7f3f1ec99000 r-xp 00000000 08:01 779418                     /lib/x86_64-linux-gnu/libnss_files-2.27.so
7f3f1ec99000-7f3f1ee98000 ---p 0000b000 08:01 779418                     /lib/x86_64-linux-gnu/libnss_files-2.27.so
7f3f1ee98000-7f3f1ee99000 r--p 0000a000 08:01 779418                     /lib/x86_64-linux-gnu/libnss_files-2.27.so
7f3f1ee99000-7f3f1ee9a000 rw-p 0000b000 08:01 779418                     /lib/x86_64-linux-gnu/libnss_files-2.27.so
7f3f1ee9a000-7f3f1eea0000 rw-p 00000000 00:00 0 
7f3f1eea0000-7f3f1eeb7000 r-xp 00000000 08:01 779412                     /lib/x86_64-linux-gnu/libnsl-2.27.so
7f3f1eeb7000-7f3f1f0b6000 ---p 00017000 08:01 779412                     /lib/x86_64-linux-gnu/libnsl-2.27.so
7f3f1f0b6000-7f3f1f0b7000 r--p 00016000 08:01 779412                     /lib/x86_64-linux-gnu/libnsl-2.27.so
7f3f1f0b7000-7f3f1f0b8000 rw-p 00017000 08:01 779412                     /lib/x86_64-linux-gnu/libnsl-2.27.so
7f3f1f0b8000-7f3f1f0ba000 rw-p 00000000 00:00 0 
7f3f1f0ba000-7f3f1f0c5000 r-xp 00000000 08:01 779422                     /lib/x86_64-linux-gnu/libnss_nis-2.27.so
7f3f1f0c5000-7f3f1f2c4000 ---p 0000b000 08:01 779422                     /lib/x86_64-linux-gnu/libnss_nis-2.27.so
7f3f1f2c4000-7f3f1f2c5000 r--p 0000a000 08:01 779422                     /lib/x86_64-linux-gnu/libnss_nis-2.27.so
7f3f1f2c5000-7f3f1f2c6000 rw-p 0000b000 08:01 779422                     /lib/x86_64-linux-gnu/libnss_nis-2.27.so
7f3f1f2c6000-7f3f1f2ce000 r-xp 00000000 08:01 779414                     /lib/x86_64-linux-gnu/libnss_compat-2.27.so
7f3f1f2ce000-7f3f1f4ce000 ---p 00008000 08:01 779414                     /lib/x86_64-linux-gnu/libnss_compat-2.27.so
7f3f1f4ce000-7f3f1f4cf000 r--p 00008000 08:01 779414                     /lib/x86_64-linux-gnu/libnss_compat-2.27.so
7f3f1f4cf000-7f3f1f4d0000 rw-p 00009000 08:01 779414                     /lib/x86_64-linux-gnu/libnss_compat-2.27.so
7f3f27bce000-7f3f27bd3000 r-xp 00000000 08:01 2329038                    /usr/lib/jvm/java-11-openjdk-amd64/lib/libjimage.so
7f3f27bd3000-7f3f27dd2000 ---p 00005000 08:01 2329038                    /usr/lib/jvm/java-11-openjdk-amd64/lib/libjimage.so
7f3f27dd2000-7f3f27dd3000 r--p 00004000 08:01 2329038                    /usr/lib/jvm/java-11-openjdk-amd64/lib/libjimage.so
7f3f27dd3000-7f3f27dd4000 rw-p 00005000 08:01 2329038                    /usr/lib/jvm/java-11-openjdk-amd64/lib/libjimage.so
7f3f27dd4000-7f3f27dfd000 r-xp 00000000 08:01 2329034                    /usr/lib/jvm/java-11-openjdk-amd64/lib/libjava.so
7f3f27dfd000-7f3f27ffd000 ---p 00029000 08:01 2329034                    /usr/lib/jvm/java-11-openjdk-amd64/lib/libjava.so
7f3f27ffd000-7f3f27ffe000 r--p 00029000 08:01 2329034                    /usr/lib/jvm/java-11-openjdk-amd64/lib/libjava.so
7f3f27ffe000-7f3f27fff000 rw-p 0002a000 08:01 2329034                    /usr/lib/jvm/java-11-openjdk-amd64/lib/libjava.so
7f3f27fff000-7f3f28000000 rw-p 00000000 00:00 0 
7f3f28000000-7f3f281f9000 rw-p 00000000 00:00 0 
7f3f281f9000-7f3f2c000000 ---p 00000000 00:00 0 
7f3f2c020000-7f3f2c029000 r--p 00000000 08:01 1549776                    /usr/share/glib-2.0/schemas/gschemas.compiled
7f3f2c029000-7f3f2c02e000 rw-p 00000000 00:00 0 
7f3f2c02e000-7f3f2c114000 ---p 00000000 00:00 0 
7f3f2c114000-7f3f2c121000 r-xp 00000000 08:01 2329055                    /usr/lib/jvm/java-11-openjdk-amd64/lib/libverify.so
7f3f2c121000-7f3f2c320000 ---p 0000d000 08:01 2329055                    /usr/lib/jvm/java-11-openjdk-amd64/lib/libverify.so
7f3f2c320000-7f3f2c322000 r--p 0000c000 08:01 2329055                    /usr/lib/jvm/java-11-openjdk-amd64/lib/libverify.so
7f3f2c322000-7f3f2c323000 rw-p 0000e000 08:01 2329055                    /usr/lib/jvm/java-11-openjdk-amd64/lib/libverify.so
7f3f2c323000-7f3f2c32a000 r-xp 00000000 08:01 779442                     /lib/x86_64-linux-gnu/librt-2.27.so
7f3f2c32a000-7f3f2c529000 ---p 00007000 08:01 779442                     /lib/x86_64-linux-gnu/librt-2.27.so
7f3f2c529000-7f3f2c52a000 r--p 00006000 08:01 779442                     /lib/x86_64-linux-gnu/librt-2.27.so
7f3f2c52a000-7f3f2c52b000 rw-p 00007000 08:01 779442                     /lib/x86_64-linux-gnu/librt-2.27.so
7f3f2c52b000-7f3f2c542000 r-xp 00000000 08:01 779393                     /lib/x86_64-linux-gnu/libgcc_s.so.1
7f3f2c542000-7f3f2c741000 ---p 00017000 08:01 779393                     /lib/x86_64-linux-gnu/libgcc_s.so.1
7f3f2c741000-7f3f2c742000 r--p 00016000 08:01 779393                     /lib/x86_64-linux-gnu/libgcc_s.so.1
7f3f2c742000-7f3f2c743000 rw-p 00017000 08:01 779393                     /lib/x86_64-linux-gnu/libgcc_s.so.1
7f3f2c743000-7f3f2c8e0000 r-xp 00000000 08:01 779400                     /lib/x86_64-linux-gnu/libm-2.27.so
7f3f2c8e0000-7f3f2cadf000 ---p 0019d000 08:01 779400                     /lib/x86_64-linux-gnu/libm-2.27.so
7f3f2cadf000-7f3f2cae0000 r--p 0019c000 08:01 779400                     /lib/x86_64-linux-gnu/libm-2.27.so
7f3f2cae0000-7f3f2cae1000 rw-p 0019d000 08:01 779400                     /lib/x86_64-linux-gnu/libm-2.27.so
7f3f2cae1000-7f3f2cc5a000 r-xp 00000000 08:01 780175                     /usr/lib/x86_64-linux-gnu/libstdc++.so.6.0.25
7f3f2cc5a000-7f3f2ce5a000 ---p 00179000 08:01 780175                     /usr/lib/x86_64-linux-gnu/libstdc++.so.6.0.25
7f3f2ce5a000-7f3f2ce64000 r--p 00179000 08:01 780175                     /usr/lib/x86_64-linux-gnu/libstdc++.so.6.0.25
7f3f2ce64000-7f3f2ce66000 rw-p 00183000 08:01 780175                     /usr/lib/x86_64-linux-gnu/libstdc++.so.6.0.25
7f3f2ce66000-7f3f2ce6a000 rw-p 00000000 00:00 0 
7f3f2ce6a000-7f3f2df48000 r-xp 00000000 08:01 2329069                    /usr/lib/jvm/java-11-openjdk-amd64/lib/server/libjvm.so
7f3f2df48000-7f3f2e147000 ---p 010de000 08:01 2329069                    /usr/lib/jvm/java-11-openjdk-amd64/lib/server/libjvm.so
7f3f2e147000-7f3f2e204000 r--p 010dd000 08:01 2329069                    /usr/lib/jvm/java-11-openjdk-amd64/lib/server/libjvm.so
7f3f2e204000-7f3f2e23d000 rw-p 0119a000 08:01 2329069                    /usr/lib/jvm/java-11-openjdk-amd64/lib/server/libjvm.so
7f3f2e23d000-7f3f2e294000 rw-p 00000000 00:00 0 
7f3f2e294000-7f3f2e2ae000 r-xp 00000000 08:01 779437                     /lib/x86_64-linux-gnu/libpthread-2.27.so
7f3f2e2ae000-7f3f2e4ad000 ---p 0001a000 08:01 779437                     /lib/x86_64-linux-gnu/libpthread-2.27.so
7f3f2e4ad000-7f3f2e4ae000 r--p 00019000 08:01 779437                     /lib/x86_64-linux-gnu/libpthread-2.27.so
7f3f2e4ae000-7f3f2e4af000 rw-p 0001a000 08:01 779437                     /lib/x86_64-linux-gnu/libpthread-2.27.so
7f3f2e4af000-7f3f2e4b3000 rw-p 00000000 00:00 0 
7f3f2e4b3000-7f3f2e4b6000 r-xp 00000000 08:01 779385                     /lib/x86_64-linux-gnu/libdl-2.27.so
7f3f2e4b6000-7f3f2e6b5000 ---p 00003000 08:01 779385                     /lib/x86_64-linux-gnu/libdl-2.27.so
7f3f2e6b5000-7f3f2e6b6000 r--p 00002000 08:01 779385                     /lib/x86_64-linux-gnu/libdl-2.27.so
7f3f2e6b6000-7f3f2e6b7000 rw-p 00003000 08:01 779385                     /lib/x86_64-linux-gnu/libdl-2.27.so
7f3f2e6b7000-7f3f2e6d3000 r-xp 00000000 08:01 779465                     /lib/x86_64-linux-gnu/libz.so.1.2.11
7f3f2e6d3000-7f3f2e8d2000 ---p 0001c000 08:01 779465                     /lib/x86_64-linux-gnu/libz.so.1.2.11
7f3f2e8d2000-7f3f2e8d3000 r--p 0001b000 08:01 779465                     /lib/x86_64-linux-gnu/libz.so.1.2.11
7f3f2e8d3000-7f3f2e8d4000 rw-p 0001c000 08:01 779465                     /lib/x86_64-linux-gnu/libz.so.1.2.11
7f3f2e8d4000-7f3f2eabb000 r-xp 00000000 08:01 779375                     /lib/x86_64-linux-gnu/libc-2.27.so
7f3f2eabb000-7f3f2ecbb000 ---p 001e7000 08:01 779375                     /lib/x86_64-linux-gnu/libc-2.27.so
7f3f2ecbb000-7f3f2ecbf000 r--p 001e7000 08:01 779375                     /lib/x86_64-linux-gnu/libc-2.27.so
7f3f2ecbf000-7f3f2ecc1000 rw-p 001eb000 08:01 779375                     /lib/x86_64-linux-gnu/libc-2.27.so
7f3f2ecc1000-7f3f2ecc5000 rw-p 00000000 00:00 0 
7f3f2ecc5000-7f3f2ecd5000 r-xp 00000000 08:01 2329016                    /usr/lib/jvm/java-11-openjdk-amd64/lib/jli/libjli.so
7f3f2ecd5000-7f3f2eed4000 ---p 00010000 08:01 2329016                    /usr/lib/jvm/java-11-openjdk-amd64/lib/jli/libjli.so
7f3f2eed4000-7f3f2eed5000 r--p 0000f000 08:01 2329016                    /usr/lib/jvm/java-11-openjdk-amd64/lib/jli/libjli.so
7f3f2eed5000-7f3f2eed6000 rw-p 00010000 08:01 2329016                    /usr/lib/jvm/java-11-openjdk-amd64/lib/jli/libjli.so
7f3f2eed6000-7f3f2eefd000 r-xp 00000000 08:01 779358                     /lib/x86_64-linux-gnu/ld-2.27.so
7f3f2ef01000-7f3f2ef6e000 rw-p 00000000 00:00 0 
7f3f2ef6e000-7f3f2ef96000 ---p 00000000 00:00 0 
7f3f2ef96000-7f3f2ef98000 rw-p 00000000 00:00 0 
7f3f2ef98000-7f3f2efab000 ---p 00000000 00:00 0 
7f3f2efab000-7f3f2efae000 rw-p 00000000 00:00 0 
7f3f2efae000-7f3f2efd6000 ---p 00000000 00:00 0 
7f3f2efd6000-7f3f2efd7000 rw-p 00000000 00:00 0 
7f3f2efd7000-7f3f2efdb000 ---p 00000000 00:00 0 
7f3f2efdb000-7f3f2f0dd000 rw-p 00000000 00:00 0 
7f3f2f0dd000-7f3f2f0de000 r--s 00000000 08:01 10329004                   /home/runner/.cache/dconf/user
7f3f2f0de000-7f3f2f0e3000 rw-p 00000000 00:00 0 
7f3f2f0e3000-7f3f2f0ea000 ---p 00000000 00:00 0 
7f3f2f0ea000-7f3f2f0ec000 r--s 00007000 08:01 3106117                    /usr/share/java/java-atk-wrapper.jar
7f3f2f0ec000-7f3f2f0f4000 rw-s 00000000 08:01 10329000                   /tmp/hsperfdata_runner/347
7f3f2f0f4000-7f3f2f0f5000 ---p 00000000 00:00 0 
7f3f2f0f5000-7f3f2f0f6000 r--p 00000000 00:00 0 
7f3f2f0f6000-7f3f2f0f7000 r--p 00000000 08:01 2080408                    /usr/local/lib/repl.so
7f3f2f0f7000-7f3f2f0f8000 r-xp 00001000 08:01 2080408                    /usr/local/lib/repl.so
7f3f2f0f8000-7f3f2f0f9000 r--p 00002000 08:01 2080408                    /usr/local/lib/repl.so
7f3f2f0f9000-7f3f2f0fa000 r--p 00002000 08:01 2080408                    /usr/local/lib/repl.so
7f3f2f0fa000-7f3f2f0fb000 rw-p 00003000 08:01 2080408                    /usr/local/lib/repl.so
7f3f2f0fb000-7f3f2f0fd000 rw-p 00000000 00:00 0 
7f3f2f0fd000-7f3f2f0fe000 r--p 00027000 08:01 779358                     /lib/x86_64-linux-gnu/ld-2.27.so
7f3f2f0fe000-7f3f2f0ff000 rw-p 00028000 08:01 779358                     /lib/x86_64-linux-gnu/ld-2.27.so
7f3f2f0ff000-7f3f2f100000 rw-p 00000000 00:00 0 
7ffc36ee8000-7ffc36f09000 rw-p 00000000 00:00 0                          [stack]
7ffc36f62000-7ffc36f65000 r--p 00000000 00:00 0                          [vvar]
7ffc36f65000-7ffc36f66000 r-xp 00000000 00:00 0                          [vdso]
ffffffffff600000-ffffffffff601000 r-xp 00000000 00:00 0                  [vsyscall]


VM Arguments:
java_command: Main
java_class_path (initial): .
Launcher Type: SUN_STANDARD

[Global flags]
     intx CICompilerCount                          = 2                                         {product} {ergonomic}
   size_t InitialHeapSize                          = 8388608                                   {product} {ergonomic}
   size_t MaxHeapSize                              = 134217728                                 {product} {ergonomic}
   size_t MaxNewSize                               = 44695552                                  {product} {ergonomic}
   size_t MinHeapDeltaBytes                        = 196608                                    {product} {ergonomic}
   size_t NewSize                                  = 2752512                                   {product} {ergonomic}
    uintx NonNMethodCodeHeapSize                   = 5825164                                {pd product} {ergonomic}
    uintx NonProfiledCodeHeapSize                  = 122916538                              {pd product} {ergonomic}
   size_t OldSize                                  = 5636096                                   {product} {ergonomic}
    uintx ProfiledCodeHeapSize                     = 122916538                              {pd product} {ergonomic}
    uintx ReservedCodeCacheSize                    = 251658240                              {pd product} {ergonomic}
     bool SegmentedCodeCache                       = true                                      {product} {ergonomic}
     bool UseCompressedClassPointers               = true                                 {lp64_product} {ergonomic}
     bool UseCompressedOops                        = true                                 {lp64_product} {ergonomic}
     bool UseSerialGC                              = true                                      {product} {ergonomic}

Logging:
Log output configuration:
 #0: stdout all=warning uptime,level,tags
 #1: stderr all=off uptime,level,tags

Environment Variables:
PATH=/home/runner/.apt/usr/bin:/usr/local/go/bin:/opt/virtualenvs/python3/bin:/usr/GNUstep/System/Tools:/usr/GNUstep/Local/Tools:/usr/local/sbin:/usr/local/bin:/usr/sbin:/usr/bin:/sbin:/bin
LD_LIBRARY_PATH=/home/runner/.apt/usr/lib/x86_64-linux-gnu:/home/runner/.apt/usr/lib/i386-linux-gnu:/home/runner/.apt/usr/lib:
LD_PRELOAD=/usr/local/lib/repl.so
DISPLAY=MAGIC
LANG=en_US.UTF-8
LC_ALL=en_US.UTF-8

Signal Handlers:
SIGSEGV: [libjvm.so+0xdf9610], sa_mask[0]=11111111011111111101111111111110, sa_flags=SA_RESTART|SA_SIGINFO
SIGBUS: [libjvm.so+0xdf9610], sa_mask[0]=11111111011111111101111111111110, sa_flags=SA_RESTART|SA_SIGINFO
SIGFPE: [libjvm.so+0xdf9610], sa_mask[0]=11111111011111111101111111111110, sa_flags=SA_RESTART|SA_SIGINFO
SIGPIPE: SIG_IGN, sa_mask[0]=00000000000010000000000000000000, sa_flags=SA_RESTART
SIGXFSZ: [libjvm.so+0xbcc360], sa_mask[0]=11111111011111111101111111111110, sa_flags=SA_RESTART|SA_SIGINFO
SIGILL: [libjvm.so+0xdf9610], sa_mask[0]=11111111011111111101111111111110, sa_flags=SA_RESTART|SA_SIGINFO
SIGUSR2: [libjvm.so+0xbcc200], sa_mask[0]=00000000000000000000000000000000, sa_flags=SA_RESTART|SA_SIGINFO
SIGHUP: [libjvm.so+0xbcc560], sa_mask[0]=11111111011111111101111111111110, sa_flags=SA_RESTART|SA_SIGINFO
SIGINT: [libjvm.so+0xbcc560], sa_mask[0]=11111111011111111101111111111110, sa_flags=SA_RESTART|SA_SIGINFO
SIGTERM: [libjvm.so+0xbcc560], sa_mask[0]=11111111011111111101111111111110, sa_flags=SA_RESTART|SA_SIGINFO
SIGQUIT: [libjvm.so+0xbcc560], sa_mask[0]=11111111011111111101111111111110, sa_flags=SA_RESTART|SA_SIGINFO


---------------  S Y S T E M  ---------------

OS:DISTRIB_ID=Ubuntu
DISTRIB_RELEASE=18.04
DISTRIB_CODENAME=bionic
DISTRIB_DESCRIPTION="Ubuntu 18.04.5 LTS"
uname:Linux 5.4.0-1019-gcp #19-Ubuntu SMP Tue Jun 23 15:46:40 UTC 2020 x86_64
OS uptime: 0 days 0:33 hours
libc:glibc 2.27 NPTL 2.27 
rlimit (soft/hard): STACK 8192k/infinity , CORE infinity/infinity , NPROC infinity/infinity , NOFILE 512/512 , AS infinity/infinity , CPU infinity/infinity , DATA infinity/infinity , FSIZE infinity/infinity , MEMLOCK 64k/64k
load average:3.25 2.20 2.11

/proc/meminfo:
MemTotal:       26694668 kB
MemFree:        19147416 kB
MemAvailable:   22974732 kB
Buffers:          177236 kB
Cached:          3065404 kB
SwapCached:            0 kB
Active:          3540628 kB
Inactive:        1907216 kB
Active(anon):    1845464 kB
Inactive(anon):     3260 kB
Active(file):    1695164 kB
Inactive(file):  1903956 kB
Unevictable:       45252 kB
Mlocked:           45252 kB
SwapTotal:             0 kB
SwapFree:              0 kB
Dirty:               228 kB
Writeback:             0 kB
AnonPages:       2250336 kB
Mapped:           504640 kB
Shmem:             10644 kB
KReclaimable:     645628 kB
Slab:            1594248 kB
SReclaimable:     645628 kB
SUnreclaim:       948620 kB
KernelStack:      301936 kB
PageTables:        29652 kB
NFS_Unstable:          0 kB
Bounce:                0 kB
WritebackTmp:          0 kB
CommitLimit:    13347332 kB
Committed_AS:   25420192 kB
VmallocTotal:   34359738367 kB
VmallocUsed:      315928 kB
VmallocChunk:          0 kB
Percpu:            27328 kB
HardwareCorrupted:     0 kB
AnonHugePages:    219136 kB
ShmemHugePages:        0 kB
ShmemPmdMapped:        0 kB
FileHugePages:         0 kB
FilePmdMapped:         0 kB
CmaTotal:              0 kB
CmaFree:               0 kB
HugePages_Total:       0
HugePages_Free:        0
HugePages_Rsvd:        0
HugePages_Surp:        0
Hugepagesize:       2048 kB
Hugetlb:               0 kB
DirectMap4k:     1035496 kB
DirectMap2M:    10498048 kB
DirectMap1G:    17825792 kB

/sys/kernel/mm/transparent_hugepage/enabled:
always [madvise] never

/sys/kernel/mm/transparent_hugepage/defrag (defrag/compaction efforts parameter):
always defer defer+madvise [madvise] never


/proc/sys/kernel/threads-max (system-wide limit on the number of threads):
208489


/proc/sys/vm/max_map_count (maximum number of memory map areas a process may have):
65530


/proc/sys/kernel/pid_max (system-wide limit on number of process identifiers):
4194304



container (cgroup) information:
container_type: cgroupv1
cpu_cpuset_cpus: 0-3
cpu_memory_nodes: 0
active_processor_count: 1
cpu_quota: 50000
cpu_period: 100000
cpu_shares: 512
memory_limit_in_bytes: 536870912
memory_and_swap_limit_in_bytes: -2
memory_soft_limit_in_bytes: -1
memory_usage_in_bytes: 170684416
memory_max_usage_in_bytes: 192368640

KVM virtualization detected
Steal ticks since vm start: 0
Steal ticks percentage since vm start:  0.000

CPU:total 4 (initial active 1) (2 cores per cpu, 2 threads per core) family 6 model 63 stepping 0, cmov, cx8, fxsr, mmx, sse, sse2, sse3, ssse3, sse4.1, sse4.2, popcnt, avx, avx2, aes, clmul, erms, lzcnt, ht, tsc, tscinvbit, bmi1, bmi2, fma
CPU Model and flags from /proc/cpuinfo:
model name	: Intel(R) Xeon(R) CPU @ 2.30GHz
flags		: fpu vme de pse tsc msr pae mce cx8 apic sep mtrr pge mca cmov pat pse36 clflush mmx fxsr sse sse2 ss ht syscall nx pdpe1gb rdtscp lm constant_tsc rep_good nopl xtopology nonstop_tsc cpuid tsc_known_freq pni pclmulqdq ssse3 fma cx16 pcid sse4_1 sse4_2 x2apic movbe popcnt aes xsave avx f16c rdrand hypervisor lahf_lm abm invpcid_single pti ssbd ibrs ibpb stibp fsgsbase tsc_adjust bmi1 avx2 smep bmi2 erms invpcid xsaveopt arat md_clear arch_capabilities

Memory: 4k page, physical 524288k(357604k free), swap 0k(0k free)

vm_info: OpenJDK 64-Bit Server VM (11.0.8+10-post-Ubuntu-0ubuntu118.04.1) for linux-amd64 JRE (11.0.8+10-post-Ubuntu-0ubuntu118.04.1), built on Jul 15 2020 20:45:24 by "unknown" with gcc 7.5.0

END.
